<?xml version="1.0" encoding="UTF-8"?>
<testsuite hostname="DESKTOP-BAF6LQ3" name="hotels_API_Tests.AsyncSearchHotel_POST_API_Test" tests="22" failures="0" timestamp="18 Apr 2022 14:13:51 GMT" time="30.67" errors="0">
  <testcase name="asyncSearchHotel_checkInCheckOut_sameDate" time="5.369" classname="hotels_API_Tests.AsyncSearchHotel_POST_API_Test"/>
  <testcase name="asyncSearchHotel_invalidAuthToken" time="1.833" classname="hotels_API_Tests.AsyncSearchHotel_POST_API_Test"/>
  <testcase name="asyncSearchHotel_invalidEndpoint" time="1.675" classname="hotels_API_Tests.AsyncSearchHotel_POST_API_Test"/>
  <testcase name="asyncSearchHotel_invalidPlaceID" time="1.771" classname="hotels_API_Tests.AsyncSearchHotel_POST_API_Test"/>
  <testcase name="asyncSearchHotel_lessThanMin_NumberofAdults" time="1.742" classname="hotels_API_Tests.AsyncSearchHotel_POST_API_Test"/>
  <testcase name="asyncSearchHotel_moreThanMaxGapBetween_checkInCheckOutDate" time="1.206" classname="hotels_API_Tests.AsyncSearchHotel_POST_API_Test"/>
  <testcase name="asyncSearchHotel_moreThanMax_NumberofAdults" time="0.68" classname="hotels_API_Tests.AsyncSearchHotel_POST_API_Test"/>
  <testcase name="asyncSearchHotel_noAdultsField" time="1.081" classname="hotels_API_Tests.AsyncSearchHotel_POST_API_Test"/>
  <testcase name="asyncSearchHotel_noAuthToken" time="0.912" classname="hotels_API_Tests.AsyncSearchHotel_POST_API_Test"/>
  <testcase name="asyncSearchHotel_noCheckInDateField" time="0.913" classname="hotels_API_Tests.AsyncSearchHotel_POST_API_Test"/>
  <testcase name="asyncSearchHotel_noCheckOutDateField" time="0.934" classname="hotels_API_Tests.AsyncSearchHotel_POST_API_Test"/>
  <testcase name="asyncSearchHotel_noPlaceID" time="1.198" classname="hotels_API_Tests.AsyncSearchHotel_POST_API_Test"/>
  <testcase name="asyncSearchHotel_pastCheckInDate_PostData" time="1.074" classname="hotels_API_Tests.AsyncSearchHotel_POST_API_Test"/>
  <testcase name="asyncSearchHotel_pastCheckOutDate_PostData" time="0.691" classname="hotels_API_Tests.AsyncSearchHotel_POST_API_Test"/>
  <testcase name="asyncSearchHotel_positiveFlow" time="0.989" classname="hotels_API_Tests.AsyncSearchHotel_POST_API_Test"/>
  <testcase name="searchHotel_invalidAuthToken" time="1.205" classname="hotels_API_Tests.SearchHotels_GET_API_Test"/>
  <testcase name="searchHotel_invalidEndpoint" time="0.96" classname="hotels_API_Tests.SearchHotels_GET_API_Test"/>
  <testcase name="searchHotel_invalidPageSize" time="0.987" classname="hotels_API_Tests.SearchHotels_GET_API_Test"/>
  <testcase name="searchHotel_invalidPlaceID" time="0.715" classname="hotels_API_Tests.SearchHotels_GET_API_Test"/>
  <testcase name="searchHotel_noAuthToken" time="1.043" classname="hotels_API_Tests.SearchHotels_GET_API_Test"/>
  <testcase name="searchHotel_noPlaceID" time="0.736" classname="hotels_API_Tests.SearchHotels_GET_API_Test"/>
  <testcase name="searchHotel_positiveFlow" time="1.565" classname="hotels_API_Tests.SearchHotels_GET_API_Test"/>
</testsuite>
